<?xml version="1.0" encoding="UTF-8"?>
<!-- Generated by org.testng.reporters.JUnitXMLReporter -->
<testsuite hostname="alok-PC" name="links on new tours" tests="1" failures="0" timestamp="24 Nov 2015 06:05:00 GMT" time="0.004" errors="0">
  <testcase name="@BeforeSuite setup" time="0.0" classname="day1.Link">
    <failure type="java.lang.NullPointerException">
      <![CDATA[java.lang.NullPointerException
	at day1.Launch.setup(Launch.java:14)
... Removed 18 stack frames]]>
    </failure>
  </testcase> <!-- @BeforeSuite setup -->
  <testcase name="logout_Test" time="0.002" classname="day1.Link">
    <skipped/>
  </testcase> <!-- logout_Test -->
</testsuite> <!-- links on new tours -->
